Determining if the pthread_create exist failed with the following output:
Change Dir: /home/twinny/fieldro_bot_ws/build/CMakeFiles/CMakeTmp

Run Build Command:"/usr/bin/make" "cmTC_ba42d/fast"
/usr/bin/make -f CMakeFiles/cmTC_ba42d.dir/build.make CMakeFiles/cmTC_ba42d.dir/build
make[1]: Entering directory '/home/twinny/fieldro_bot_ws/build/CMakeFiles/CMakeTmp'
Building C object CMakeFiles/cmTC_ba42d.dir/CheckSymbolExists.c.o
/usr/bin/cc    -o CMakeFiles/cmTC_ba42d.dir/CheckSymbolExists.c.o   -c /home/twinny/fieldro_bot_ws/build/CMakeFiles/CMakeTmp/CheckSymbolExists.c
Linking C executable cmTC_ba42d
/usr/bin/cmake -E cmake_link_script CMakeFiles/cmTC_ba42d.dir/link.txt --verbose=1
/usr/bin/cc      -rdynamic CMakeFiles/cmTC_ba42d.dir/CheckSymbolExists.c.o  -o cmTC_ba42d 
CMakeFiles/cmTC_ba42d.dir/CheckSymbolExists.c.o: In function `main':
CheckSymbolExists.c:(.text+0x1b): undefined reference to `pthread_create'
collect2: error: ld returned 1 exit status
CMakeFiles/cmTC_ba42d.dir/build.make:97: recipe for target 'cmTC_ba42d' failed
make[1]: *** [cmTC_ba42d] Error 1
make[1]: Leaving directory '/home/twinny/fieldro_bot_ws/build/CMakeFiles/CMakeTmp'
Makefile:126: recipe for target 'cmTC_ba42d/fast' failed
make: *** [cmTC_ba42d/fast] Error 2

File /home/twinny/fieldro_bot_ws/build/CMakeFiles/CMakeTmp/CheckSymbolExists.c:
/* */
#include <pthread.h>

int main(int argc, char** argv)
{
  (void)argv;
#ifndef pthread_create
  return ((int*)(&pthread_create))[argc];
#else
  (void)argc;
  return 0;
#endif
}

Determining if the function pthread_create exists in the pthreads failed with the following output:
Change Dir: /home/twinny/fieldro_bot_ws/build/CMakeFiles/CMakeTmp

Run Build Command:"/usr/bin/make" "cmTC_897f4/fast"
/usr/bin/make -f CMakeFiles/cmTC_897f4.dir/build.make CMakeFiles/cmTC_897f4.dir/build
make[1]: Entering directory '/home/twinny/fieldro_bot_ws/build/CMakeFiles/CMakeTmp'
Building C object CMakeFiles/cmTC_897f4.dir/CheckFunctionExists.c.o
/usr/bin/cc   -DCHECK_FUNCTION_EXISTS=pthread_create   -o CMakeFiles/cmTC_897f4.dir/CheckFunctionExists.c.o   -c /usr/share/cmake-3.10/Modules/CheckFunctionExists.c
Linking C executable cmTC_897f4
/usr/bin/cmake -E cmake_link_script CMakeFiles/cmTC_897f4.dir/link.txt --verbose=1
/usr/bin/cc  -DCHECK_FUNCTION_EXISTS=pthread_create    -rdynamic CMakeFiles/cmTC_897f4.dir/CheckFunctionExists.c.o  -o cmTC_897f4 -lpthreads 
/usr/bin/ld: cannot find -lpthreads
collect2: error: ld returned 1 exit status
CMakeFiles/cmTC_897f4.dir/build.make:97: recipe for target 'cmTC_897f4' failed
make[1]: *** [cmTC_897f4] Error 1
make[1]: Leaving directory '/home/twinny/fieldro_bot_ws/build/CMakeFiles/CMakeTmp'
Makefile:126: recipe for target 'cmTC_897f4/fast' failed
make: *** [cmTC_897f4/fast] Error 2


